<?xml version="1.0" encoding="UTF-8"?>
<!-- Generated by org.testng.reporters.JUnitXMLReporter -->
<testsuite ignored="0" hostname="Acerswift3" failures="1" tests="3" name="Bookmark Strategy" time="167.741" errors="0" timestamp="2024-03-03T12:23:09 IST">
  <testcase classname="TestPackage.BookMark_Functionality" name="BookMark_testing" time="94.489"/>
  <testcase classname="TestPackage.BookMark_Functionality" name="unBookMarking" time="12.502">
    <skipped/>
  </testcase> <!-- unBookMarking -->
  <testcase classname="TestPackage.BookMark_Functionality" name="unBookMarking" time="12.461">
    <failure type="org.openqa.selenium.ElementClickInterceptedException" message="element click intercepted: Element &amp;lt;button type=&amp;quot;button&amp;quot; class=&amp;quot;mat-button-toggle-button mat-focus-indicator&amp;quot; id=&amp;quot;mat-button-toggle-2-button&amp;quot; tabindex=&amp;quot;-1&amp;quot; aria-pressed=&amp;quot;false&amp;quot; name=&amp;quot;dashboard_tabs&amp;quot;&amp;gt;...&amp;lt;/button&amp;gt; is not clickable at point (339, 35). Other element would receive the click: &amp;lt;div class=&amp;quot;full ngx-backdrop-custom-backdrop ng-star-inserted&amp;quot;&amp;gt;...&amp;lt;/div&amp;gt;
  (Session info: edge-headless-shell=123.0.2420.10)
Build info: version: &amp;apos;4.17.0&amp;apos;, revision: &amp;apos;e52b1be057*&amp;apos;
System info: os.name: &amp;apos;Windows 11&amp;apos;, os.arch: &amp;apos;amd64&amp;apos;, os.version: &amp;apos;10.0&amp;apos;, java.version: &amp;apos;17.0.6&amp;apos;
Driver info: org.openqa.selenium.edge.EdgeDriver
Command: [9bcbf0d8061d5b4d203182153ad769b4, clickElement {id=f.7274CEDFFB61BC016D61EAE6075A679A.d.27D10E5F18277879EE8C0CA47BFDC7B8.e.67}]
Capabilities {acceptInsecureCerts: false, browserName: edge-headless-shell, browserVersion: 123.0.2420.10, fedcm:accounts: true, ms:edgeOptions: {debuggerAddress: localhost:50762}, msedge: {msedgedriverVersion: 123.0.2420.10 (8f8b9e6320f9..., userDataDir: C:\Users\jayan\AppData\Loca...}, networkConnectionEnabled: false, pageLoadStrategy: normal, platformName: windows, proxy: Proxy(), se:cdp: ws://localhost:50762/devtoo..., se:cdpVersion: 123.0.2420.10, setWindowRect: true, strictFileInteractability: false, timeouts: {implicit: 0, pageLoad: 300000, script: 30000}, unhandledPromptBehavior: dismiss and notify, webauthn:extension:credBlob: true, webauthn:extension:largeBlob: true, webauthn:extension:minPinLength: true, webauthn:extension:prf: true, webauthn:virtualAuthenticators: true}
Element: [[EdgeDriver: edge-headless-shell on windows (9bcbf0d8061d5b4d203182153ad769b4)] -&amp;gt; id: mat-button-toggle-2-button]
Session ID: 9bcbf0d8061d5b4d203182153ad769b4">
      <![CDATA[org.openqa.selenium.ElementClickInterceptedException: element click intercepted: Element <button type="button" class="mat-button-toggle-button mat-focus-indicator" id="mat-button-toggle-2-button" tabindex="-1" aria-pressed="false" name="dashboard_tabs">...</button> is not clickable at point (339, 35). Other element would receive the click: <div class="full ngx-backdrop-custom-backdrop ng-star-inserted">...</div>
  (Session info: edge-headless-shell=123.0.2420.10)
Build info: version: '4.17.0', revision: 'e52b1be057*'
System info: os.name: 'Windows 11', os.arch: 'amd64', os.version: '10.0', java.version: '17.0.6'
Driver info: org.openqa.selenium.edge.EdgeDriver
Command: [9bcbf0d8061d5b4d203182153ad769b4, clickElement {id=f.7274CEDFFB61BC016D61EAE6075A679A.d.27D10E5F18277879EE8C0CA47BFDC7B8.e.67}]
Capabilities {acceptInsecureCerts: false, browserName: edge-headless-shell, browserVersion: 123.0.2420.10, fedcm:accounts: true, ms:edgeOptions: {debuggerAddress: localhost:50762}, msedge: {msedgedriverVersion: 123.0.2420.10 (8f8b9e6320f9..., userDataDir: C:\Users\jayan\AppData\Loca...}, networkConnectionEnabled: false, pageLoadStrategy: normal, platformName: windows, proxy: Proxy(), se:cdp: ws://localhost:50762/devtoo..., se:cdpVersion: 123.0.2420.10, setWindowRect: true, strictFileInteractability: false, timeouts: {implicit: 0, pageLoad: 300000, script: 30000}, unhandledPromptBehavior: dismiss and notify, webauthn:extension:credBlob: true, webauthn:extension:largeBlob: true, webauthn:extension:minPinLength: true, webauthn:extension:prf: true, webauthn:virtualAuthenticators: true}
Element: [[EdgeDriver: edge-headless-shell on windows (9bcbf0d8061d5b4d203182153ad769b4)] -> id: mat-button-toggle-2-button]
Session ID: 9bcbf0d8061d5b4d203182153ad769b4
at org.openqa.selenium.remote.codec.w3c.W3CHttpResponseCodec.createException(W3CHttpResponseCodec.java:185)
at org.openqa.selenium.remote.codec.w3c.W3CHttpResponseCodec.decode(W3CHttpResponseCodec.java:134)
at org.openqa.selenium.remote.codec.w3c.W3CHttpResponseCodec.decode(W3CHttpResponseCodec.java:51)
at org.openqa.selenium.remote.HttpCommandExecutor.execute(HttpCommandExecutor.java:190)
at org.openqa.selenium.remote.service.DriverCommandExecutor.invokeExecute(DriverCommandExecutor.java:216)
at org.openqa.selenium.remote.service.DriverCommandExecutor.execute(DriverCommandExecutor.java:174)
at org.openqa.selenium.remote.RemoteWebDriver.execute(RemoteWebDriver.java:519)
at org.openqa.selenium.remote.RemoteWebElement.execute(RemoteWebElement.java:223)
at org.openqa.selenium.remote.RemoteWebElement.click(RemoteWebElement.java:76)
at AbstractClasses.AbstractClass.goToMyportfolioPage(AbstractClass.java:31)
at TestPackage.BookMark_Functionality.unBookMarking(BookMark_Functionality.java:72)
at java.base/java.util.ArrayList.forEach(ArrayList.java:1511)
... Removed 32 stack frames]]>
    </failure>
  </testcase> <!-- unBookMarking -->
</testsuite> <!-- Bookmark Strategy -->
