<?xml version="1.0" encoding="UTF-8"?>
<!-- Generated by org.testng.reporters.JUnitXMLReporter -->
<testsuite ignored="0" hostname="Acerswift3" failures="0" tests="2" name="Bookmark Strategy" time="249.811" errors="0" timestamp="2024-02-22T08:35:31 IST">
  <testcase classname="TestPackage.BookMark_Functionality" name="BookMark_testing" time="187.119">
    <skipped/>
  </testcase> <!-- BookMark_testing -->
  <testcase classname="TestPackage.BookMark_Functionality" name="BookMark_testing" time="45.361"/>
</testsuite> <!-- Bookmark Strategy -->
