<?xml version="1.0" encoding="UTF-8"?>
<!-- Generated by org.testng.reporters.JUnitXMLReporter -->
<testsuite ignored="0" hostname="Acerswift3" failures="0" tests="2" name="Bookmark Strategy" time="139.215" errors="0" timestamp="2024-02-20T20:57:53 IST">
  <testcase classname="TestPackage.BookMark_Functionality" name="BookMark_testing" time="83.294">
    <skipped/>
  </testcase> <!-- BookMark_testing -->
  <testcase classname="TestPackage.BookMark_Functionality" name="BookMark_testing" time="36.692"/>
</testsuite> <!-- Bookmark Strategy -->
