<?xml version="1.0" encoding="UTF-8"?>
<!-- Generated by org.testng.reporters.JUnitXMLReporter -->
<testsuite ignored="0" hostname="Acerswift3" failures="1" tests="2" name="Bookmark Strategy" time="33.94" errors="0" timestamp="2024-02-20T21:36:20 IST">
  <testcase classname="TestPackage.BookMark_Functionality" name="BookMark_testing" time="5.424">
    <skipped/>
  </testcase> <!-- BookMark_testing -->
  <testcase classname="TestPackage.BookMark_Functionality" name="BookMark_testing" time="8.732">
    <failure type="org.openqa.selenium.ElementClickInterceptedException" message="element click intercepted: Element &amp;lt;mat-select _ngcontent-yiy-c339=&amp;quot;&amp;quot; role=&amp;quot;listbox&amp;quot; placeholder=&amp;quot;Select Option&amp;quot; formcontrolname=&amp;quot;squareOff&amp;quot; class=&amp;quot;mat-select ut-pro-select-field pad-8-left full-width ng-tns-c141-40 ng-tns-c76-39 ng-untouched ng-pristine ng-valid ng-star-inserted&amp;quot; id=&amp;quot;mat-select-8&amp;quot; tabindex=&amp;quot;0&amp;quot; aria-label=&amp;quot;Select Option&amp;quot; aria-required=&amp;quot;false&amp;quot; aria-disabled=&amp;quot;false&amp;quot; aria-invalid=&amp;quot;false&amp;quot; aria-multiselectable=&amp;quot;false&amp;quot;&amp;gt;...&amp;lt;/mat-select&amp;gt; is not clickable at point (660, 236). Other element would receive the click: &amp;lt;div class=&amp;quot;cdk-overlay-backdrop cdk-overlay-transparent-backdrop cdk-overlay-backdrop-showing&amp;quot;&amp;gt;&amp;lt;/div&amp;gt;
  (Session info: chrome-headless-shell=121.0.6167.185)
Build info: version: &amp;apos;4.17.0&amp;apos;, revision: &amp;apos;e52b1be057*&amp;apos;
System info: os.name: &amp;apos;Windows 11&amp;apos;, os.arch: &amp;apos;amd64&amp;apos;, os.version: &amp;apos;10.0&amp;apos;, java.version: &amp;apos;17.0.6&amp;apos;
Driver info: org.openqa.selenium.chrome.ChromeDriver
Command: [9bfc581b1579ab79d22ba4fbaeab4e4a, clickElement {id=73687A07F6FC9D59E50DF23F2191AF24_element_191}]
Capabilities {acceptInsecureCerts: false, browserName: chrome-headless-shell, browserVersion: 121.0.6167.185, chrome: {chromedriverVersion: 121.0.6167.184 (057a8ae7deb..., userDataDir: C:\Users\jayan\AppData\Loca...}, fedcm:accounts: true, goog:chromeOptions: {debuggerAddress: localhost:57489}, networkConnectionEnabled: false, pageLoadStrategy: normal, platformName: windows, proxy: Proxy(), se:cdp: ws://localhost:57489/devtoo..., se:cdpVersion: 121.0.6167.185, setWindowRect: true, strictFileInteractability: false, timeouts: {implicit: 0, pageLoad: 300000, script: 30000}, unhandledPromptBehavior: dismiss and notify, webauthn:extension:credBlob: true, webauthn:extension:largeBlob: true, webauthn:extension:minPinLength: true, webauthn:extension:prf: true, webauthn:virtualAuthenticators: true}
Element: [[ChromeDriver: chrome-headless-shell on windows (9bfc581b1579ab79d22ba4fbaeab4e4a)] -&amp;gt; xpath: // mat-select[@id=&amp;apos;mat-select-8&amp;apos;]]
Session ID: 9bfc581b1579ab79d22ba4fbaeab4e4a">
      <![CDATA[org.openqa.selenium.ElementClickInterceptedException: element click intercepted: Element <mat-select _ngcontent-yiy-c339="" role="listbox" placeholder="Select Option" formcontrolname="squareOff" class="mat-select ut-pro-select-field pad-8-left full-width ng-tns-c141-40 ng-tns-c76-39 ng-untouched ng-pristine ng-valid ng-star-inserted" id="mat-select-8" tabindex="0" aria-label="Select Option" aria-required="false" aria-disabled="false" aria-invalid="false" aria-multiselectable="false">...</mat-select> is not clickable at point (660, 236). Other element would receive the click: <div class="cdk-overlay-backdrop cdk-overlay-transparent-backdrop cdk-overlay-backdrop-showing"></div>
  (Session info: chrome-headless-shell=121.0.6167.185)
Build info: version: '4.17.0', revision: 'e52b1be057*'
System info: os.name: 'Windows 11', os.arch: 'amd64', os.version: '10.0', java.version: '17.0.6'
Driver info: org.openqa.selenium.chrome.ChromeDriver
Command: [9bfc581b1579ab79d22ba4fbaeab4e4a, clickElement {id=73687A07F6FC9D59E50DF23F2191AF24_element_191}]
Capabilities {acceptInsecureCerts: false, browserName: chrome-headless-shell, browserVersion: 121.0.6167.185, chrome: {chromedriverVersion: 121.0.6167.184 (057a8ae7deb..., userDataDir: C:\Users\jayan\AppData\Loca...}, fedcm:accounts: true, goog:chromeOptions: {debuggerAddress: localhost:57489}, networkConnectionEnabled: false, pageLoadStrategy: normal, platformName: windows, proxy: Proxy(), se:cdp: ws://localhost:57489/devtoo..., se:cdpVersion: 121.0.6167.185, setWindowRect: true, strictFileInteractability: false, timeouts: {implicit: 0, pageLoad: 300000, script: 30000}, unhandledPromptBehavior: dismiss and notify, webauthn:extension:credBlob: true, webauthn:extension:largeBlob: true, webauthn:extension:minPinLength: true, webauthn:extension:prf: true, webauthn:virtualAuthenticators: true}
Element: [[ChromeDriver: chrome-headless-shell on windows (9bfc581b1579ab79d22ba4fbaeab4e4a)] -> xpath: // mat-select[@id='mat-select-8']]
Session ID: 9bfc581b1579ab79d22ba4fbaeab4e4a
at org.openqa.selenium.remote.codec.w3c.W3CHttpResponseCodec.createException(W3CHttpResponseCodec.java:185)
at org.openqa.selenium.remote.codec.w3c.W3CHttpResponseCodec.decode(W3CHttpResponseCodec.java:134)
at org.openqa.selenium.remote.codec.w3c.W3CHttpResponseCodec.decode(W3CHttpResponseCodec.java:51)
at org.openqa.selenium.remote.HttpCommandExecutor.execute(HttpCommandExecutor.java:190)
at org.openqa.selenium.remote.service.DriverCommandExecutor.invokeExecute(DriverCommandExecutor.java:216)
at org.openqa.selenium.remote.service.DriverCommandExecutor.execute(DriverCommandExecutor.java:174)
at org.openqa.selenium.remote.RemoteWebDriver.execute(RemoteWebDriver.java:519)
at org.openqa.selenium.remote.RemoteWebElement.execute(RemoteWebElement.java:223)
at org.openqa.selenium.remote.RemoteWebElement.click(RemoteWebElement.java:76)
at MainModules.StrategyForm.ExpiryType(StrategyForm.java:42)
at MainModules.StrategyForm.strategySetting(StrategyForm.java:22)
at TestPackage.BookMark_Functionality.BookMark_testing(BookMark_Functionality.java:55)
at java.base/java.util.ArrayList.forEach(ArrayList.java:1511)
... Removed 32 stack frames]]>
    </failure>
  </testcase> <!-- BookMark_testing -->
</testsuite> <!-- Bookmark Strategy -->
