<?xml version="1.0" encoding="UTF-8"?>
<!-- Generated by org.testng.reporters.JUnitXMLReporter -->
<testsuite ignored="0" hostname="Acerswift3" failures="1" tests="2" name="Bookmark Strategy" time="177.095" errors="0" timestamp="2024-02-22T22:16:11 IST">
  <testcase classname="TestPackage.BookMark_Functionality" name="BookMark_testing" time="63.299">
    <skipped/>
  </testcase> <!-- BookMark_testing -->
  <testcase classname="TestPackage.BookMark_Functionality" name="BookMark_testing" time="96.062">
    <failure type="java.lang.AssertionError">
      <![CDATA[java.lang.AssertionError
at org.junit.Assert.fail(Assert.java:86)
at org.junit.Assert.assertTrue(Assert.java:41)
at org.junit.Assert.assertTrue(Assert.java:52)
at TestPackage.BookMark_Functionality.BookMark_testing(BookMark_Functionality.java:65)
at java.base/java.util.ArrayList.forEach(ArrayList.java:1511)
... Removed 27 stack frames]]>
    </failure>
  </testcase> <!-- BookMark_testing -->
</testsuite> <!-- Bookmark Strategy -->
