<?xml version="1.0" encoding="UTF-8"?>
<!-- Generated by org.testng.reporters.JUnitXMLReporter -->
<testsuite ignored="0" hostname="Acerswift3" failures="0" tests="1" name="Create Strategy" time="0.143" errors="0" timestamp="2024-03-06T21:23:42 IST">
  <testcase classname="TestComponents.BaseTest" name="@BeforeMethod launchApplication" time="0.001">
    <failure type="java.lang.NullPointerException" message="Cannot invoke &amp;quot;org.openqa.selenium.WebDriver.manage()&amp;quot; because &amp;quot;this.driver&amp;quot; is null">
      <![CDATA[java.lang.NullPointerException: Cannot invoke "org.openqa.selenium.WebDriver.manage()" because "this.driver" is null
at TestComponents.BaseTest.initialization(BaseTest.java:72)
at TestComponents.BaseTest.launchApplication(BaseTest.java:79)
at java.base/java.util.ArrayList.forEach(ArrayList.java:1511)
... Removed 31 stack frames]]>
    </failure>
  </testcase> <!-- @BeforeMethod launchApplication -->
  <testcase classname="TestComponents.BaseTest" name="@AfterMethod closeDriver" time="0.0">
    <skipped/>
  </testcase> <!-- @AfterMethod closeDriver -->
  <testcase classname="TestPackage.Create_portfolio_functionality" name="CreatePortfolioTest" time="0.0">
    <skipped/>
  </testcase> <!-- CreatePortfolioTest -->
</testsuite> <!-- Create Strategy -->
