<?xml version="1.0" encoding="UTF-8"?>
<!-- Generated by org.testng.reporters.JUnitXMLReporter -->
<testsuite ignored="0" hostname="Acerswift3" failures="0" tests="2" name="Test" time="79.13" errors="0" timestamp="2024-02-16T19:31:53 IST">
  <testcase classname="TestPackage.Create_portfolio_functionality" name="CreatePortfolioTest" time="19.894">
    <skipped/>
  </testcase> <!-- CreatePortfolioTest -->
  <testcase classname="TestPackage.Create_portfolio_functionality" name="CreatePortfolioTest" time="36.993"/>
</testsuite> <!-- Test -->
