<?xml version="1.0" encoding="UTF-8"?>
<!-- Generated by org.testng.reporters.JUnitXMLReporter -->
<testsuite ignored="1" hostname="Acerswift3" failures="0" tests="3" name="Test" time="93.286" errors="0" timestamp="2024-02-10T23:18:37 IST">
  <testcase classname="TestPackage.Create_portfolio_functionality" name="CreatePortfolioTest" time="35.811"/>
  <testcase classname="TestPackage.BookMark_Functionality" name="BookMark_testing" time="37.159"/>
  <testcase classname="TestPackage.BookMark_Functionality" name="BookMark_testing" time="36.363"/>
  <testcase classname="TestPackage.BookMark_Functionality" name="unBookMarking" time="0.0">
    <ignored/>
  </testcase> <!-- unBookMarking -->
</testsuite> <!-- Test -->
