<?xml version="1.0" encoding="UTF-8"?>
<!-- Generated by org.testng.reporters.JUnitXMLReporter -->
<testsuite ignored="0" hostname="Acerswift3" failures="1" tests="2" name="Bookmark Strategy" time="70.184" errors="0" timestamp="2024-03-12T07:34:46 IST">
  <testcase classname="TestPackage.BookMark_Functionality" name="BookMark_testing" time="31.148">
    <skipped/>
  </testcase> <!-- BookMark_testing -->
  <testcase classname="TestPackage.BookMark_Functionality" name="BookMark_testing" time="23.076">
    <failure type="java.lang.reflect.InvocationTargetException">
      <![CDATA[java.lang.reflect.InvocationTargetException
at MainModules.StrategyForm.legField(StrategyForm.java:113)
at TestComponents.BaseTest.SetStrategyLegParams(BaseTest.java:149)
at TestPackage.BookMark_Functionality.BookMark_testing(BookMark_Functionality.java:55)
at java.base/java.util.ArrayList.forEach(ArrayList.java:1511)
Caused by: org.openqa.selenium.ElementClickInterceptedException: element click intercepted: Element <label class="mat-checkbox-layout" for="mat-checkbox-11-input">...</label> is not clickable at point (159, 517). Other element would receive the click: <span class="mat-option-text">...</span>
  (Session info: chrome=122.0.6261.112)
Build info: version: '4.17.0', revision: 'e52b1be057*'
System info: os.name: 'Windows 11', os.arch: 'amd64', os.version: '10.0', java.version: '20.0.1'
Driver info: org.openqa.selenium.chrome.ChromeDriver
Command: [4b4363a06734bdf170c698ce68514978, clickElement {id=f.7DDD5221C5DD1659D45515B4E8706032.d.9A7ED82C81181EFF579CE94A9A9E3119.e.521}]
Capabilities {acceptInsecureCerts: false, browserName: chrome, browserVersion: 122.0.6261.112, chrome: {chromedriverVersion: 122.0.6261.111 (9d4c1072da6..., userDataDir: C:\Users\jayan\AppData\Loca...}, fedcm:accounts: true, goog:chromeOptions: {debuggerAddress: localhost:50590}, networkConnectionEnabled: false, pageLoadStrategy: normal, platformName: windows, proxy: Proxy(), se:cdp: ws://localhost:50590/devtoo..., se:cdpVersion: 122.0.6261.112, setWindowRect: true, strictFileInteractability: false, timeouts: {implicit: 0, pageLoad: 300000, script: 30000}, unhandledPromptBehavior: dismiss and notify, webauthn:extension:credBlob: true, webauthn:extension:largeBlob: true, webauthn:extension:minPinLength: true, webauthn:extension:prf: true, webauthn:virtualAuthenticators: true}
Element: [[ChromeDriver: chrome on windows (4b4363a06734bdf170c698ce68514978)] -> xpath: //app-strategy-leg-form[1]//mat-checkbox[@formcontrolName='TPEnabled']/label]
Session ID: 4b4363a06734bdf170c698ce68514978
at org.openqa.selenium.remote.codec.w3c.W3CHttpResponseCodec.createException(W3CHttpResponseCodec.java:185)
at org.openqa.selenium.remote.codec.w3c.W3CHttpResponseCodec.decode(W3CHttpResponseCodec.java:134)
at org.openqa.selenium.remote.codec.w3c.W3CHttpResponseCodec.decode(W3CHttpResponseCodec.java:51)
at org.openqa.selenium.remote.HttpCommandExecutor.execute(HttpCommandExecutor.java:190)
at org.openqa.selenium.remote.service.DriverCommandExecutor.invokeExecute(DriverCommandExecutor.java:216)
at org.openqa.selenium.remote.service.DriverCommandExecutor.execute(DriverCommandExecutor.java:174)
at org.openqa.selenium.remote.RemoteWebDriver.execute(RemoteWebDriver.java:519)
at org.openqa.selenium.remote.RemoteWebElement.execute(RemoteWebElement.java:223)
at org.openqa.selenium.remote.RemoteWebElement.click(RemoteWebElement.java:76)
at MainModules.StrategyForm.enableTP(StrategyForm.java:163)
at MainModules.StrategyForm.legTP(StrategyForm.java:156)
... 34 more
... Removed 35 stack frames]]>
    </failure>
  </testcase> <!-- BookMark_testing -->
</testsuite> <!-- Bookmark Strategy -->
