<?xml version="1.0" encoding="UTF-8"?>
<!-- Generated by org.testng.reporters.JUnitXMLReporter -->
<testsuite ignored="0" hostname="Acerswift3" failures="0" tests="3" name="Copy functionality" time="146.087" errors="0" timestamp="2024-04-15T22:59:37 IST">
  <testcase classname="TestPackage.Copy_functionality" name="createCopyfromCreatedMyPortfolio" time="82.366"/>
  <testcase classname="TestPackage.Copy_functionality" name="createCopyfromOriginals" time="16.166"/>
  <testcase classname="TestPackage.Copy_functionality" name="createCopyfromSubscribed" time="16.455"/>
</testsuite> <!-- Copy functionality -->
