<?xml version="1.0" encoding="UTF-8"?>
<!-- Generated by org.testng.reporters.JUnitXMLReporter -->
<testsuite ignored="3" hostname="Acerswift3" failures="0" tests="1" name="Copy functionality" time="103.321" errors="0" timestamp="2024-04-21T22:44:12 IST">
  <testcase classname="TestPackage.Copy_functionality" name="createCopyfromCreatedMyPortfolio" time="93.047"/>
  <testcase classname="TestPackage.Copy_functionality" name="createCopyfromSubscribed" time="0.0">
    <ignored/>
  </testcase> <!-- createCopyfromSubscribed -->
  <testcase classname="TestPackage.Copy_functionality" name="createCopyfromOriginals" time="0.0">
    <ignored/>
  </testcase> <!-- createCopyfromOriginals -->
  <testcase classname="TestPackage.Copy_functionality" name="createCopyfromCreatedHome" time="0.0">
    <ignored/>
  </testcase> <!-- createCopyfromCreatedHome -->
</testsuite> <!-- Copy functionality -->
