<?xml version="1.0" encoding="UTF-8"?>
<!-- Generated by org.testng.reporters.JUnitXMLReporter -->
<testsuite ignored="3" hostname="Acerswift3" failures="0" tests="1" name="MyProfile" time="30.498" errors="0" timestamp="2024-04-21T13:51:04 IST">
  <testcase classname="TestPackage.MyProfile" name="EditPAN" time="19.238"/>
  <testcase classname="TestPackage.MyProfile" name="DeleteProfile" time="0.0">
    <ignored/>
  </testcase> <!-- DeleteProfile -->
  <testcase classname="TestPackage.MyProfile" name="EditProfile" time="0.0">
    <ignored/>
  </testcase> <!-- EditProfile -->
  <testcase classname="TestPackage.MyProfile" name="ChangeProfilePicture" time="0.0">
    <ignored/>
  </testcase> <!-- ChangeProfilePicture -->
</testsuite> <!-- MyProfile -->
