<?xml version="1.0" encoding="UTF-8"?>
<testng-results ignored="0" total="1" passed="1" failed="0" skipped="0">
  <reporter-output>
  </reporter-output>
  <suite started-at="2024-04-14T22:19:49 IST" name="Suite" finished-at="2024-04-14T22:20:19 IST" duration-ms="30554">
    <groups>
    </groups>
    <test started-at="2024-04-14T22:19:49 IST" name="Bookmark Strategy" finished-at="2024-04-14T22:20:19 IST" duration-ms="30554">
      <class name="TestPackage.BookMark_Functionality">
        <test-method is-config="true" signature="InitiateReport()[pri:0, instance:TestPackage.BookMark_Functionality@4bd1f8dd]" started-at="2024-04-14T22:19:48 IST" name="InitiateReport" finished-at="2024-04-14T22:19:49 IST" duration-ms="293" status="PASS">
          <reporter-output>
          </reporter-output>
        </test-method> <!-- InitiateReport -->
        <test-method is-config="true" signature="launchApplication()[pri:0, instance:TestPackage.BookMark_Functionality@4bd1f8dd]" started-at="2024-04-14T22:19:49 IST" name="launchApplication" finished-at="2024-04-14T22:20:00 IST" duration-ms="10910" status="PASS">
          <reporter-output>
          </reporter-output>
        </test-method> <!-- launchApplication -->
        <test-method signature="bookmarkFromHomePage(java.lang.String)[pri:0, instance:TestPackage.BookMark_Functionality@4bd1f8dd]" started-at="2024-04-14T22:20:00 IST" name="bookmarkFromHomePage" finished-at="2024-04-14T22:20:19 IST" duration-ms="18955" status="PASS">
          <params>
            <param index="0">
              <value>
                <![CDATA[Copy Of Copy Of Copy Of Copy Of PF_131223_213352]]>
              </value>
            </param>
          </params>
          <reporter-output>
          </reporter-output>
        </test-method> <!-- bookmarkFromHomePage -->
        <test-method is-config="true" signature="closeDriver()[pri:0, instance:TestPackage.BookMark_Functionality@4bd1f8dd]" started-at="2024-04-14T22:20:19 IST" name="closeDriver" finished-at="2024-04-14T22:20:19 IST" duration-ms="598" status="PASS">
          <reporter-output>
          </reporter-output>
        </test-method> <!-- closeDriver -->
        <test-method is-config="true" signature="flushReport()[pri:0, instance:TestPackage.BookMark_Functionality@4bd1f8dd]" started-at="2024-04-14T22:20:19 IST" name="flushReport" finished-at="2024-04-14T22:20:20 IST" duration-ms="1275" status="PASS">
          <reporter-output>
          </reporter-output>
        </test-method> <!-- flushReport -->
      </class> <!-- TestPackage.BookMark_Functionality -->
    </test> <!-- Bookmark Strategy -->
  </suite> <!-- Suite -->
</testng-results>
