<?xml version="1.0" encoding="UTF-8"?>
<testsuite xmlns:xsi="http://www.w3.org/2001/XMLSchema-instance" xsi:noNamespaceSchemaLocation="https://maven.apache.org/surefire/maven-surefire-plugin/xsd/surefire-test-report-3.0.xsd" version="3.0" name="TestSuite" time="108.524" tests="1" errors="0" skipped="0" failures="0">
  <properties>
[...]
</properties>
  <testcase name="createCopyfromCreatedMyPortfolio[{strategyType=Bear Call Spread, strikeSelection=Price, expiryType=Monthly, stgSqroffType=Complete, legExpiryType1=Basic, legInstrumentType1=Put, legOrderMode2=Sell, legPrice1=56, legPrice2=57, legLotMultiplier1=4, legTP1=100, legSL1=30, legMoveSL1=70, legSL2=40, legMoveSL2=41, legWTT1=93, legSlReExecution2=5, legExitRangeType1=2, legMinRangeValue1=50, legMaxRangeValue1=99, stgSl=44, stgSlReExecution=46, stgTrailSLat=60, stgTrailSLby=40, stgLockProfitOn=53, stgLockProfitAt=49, portfolioTP=90, portfolioLockProfitOn=70, portfolioLockProfitAt=50}](1)" classname="TestPackage.Copy_functionality" time="93.059">
    <system-out><![CDATA[21-Apr-2024 10:42:28 BaseTest [main] INFO : Report Started
21-Apr-2024 10:42:33 BaseTest [main] INFO : ChromeDriver initialized
21-Apr-2024 10:42:37 BaseTest [main] INFO : Login page opened
21-Apr-2024 10:42:37 Listners [main] INFO : =========TEST INFO===========
21-Apr-2024 10:42:37 Listners [main] INFO : Test : Copy functionality started
21-Apr-2024 10:42:49 LoginPage [main] INFO : User Logged In
21-Apr-2024 10:42:49 LoginPage [main] INFO : My portfolio page opened
21-Apr-2024 10:42:51 LoginPage [main] INFO : Portfolio form opened
21-Apr-2024 10:42:52 PortfolioForm [main] INFO : Strategy form opened
21-Apr-2024 10:43:40 StrategyForm [main] INFO : LockProfit : 49
21-Apr-2024 10:43:43 StrategyForm [main] ERROR: PF_210424_224250 created
21-Apr-2024 10:44:03 PortfolioForm [main] INFO : Portfolio Submitted
21-Apr-2024 10:44:05 MyPortfolio [main] INFO : My portfolio page opened
21-Apr-2024 10:44:06 MyPortfolio [main] INFO : Created tab opened
21-Apr-2024 10:44:11 MyPortfolio [main] INFO : Copy Of PF_210424_224250PF1 created
21-Apr-2024 10:44:11 Listners [main] INFO : Test : Copy functionality Success
]]></system-out>
    <system-err><![CDATA[SLF4J(W): No SLF4J providers were found.
SLF4J(W): Defaulting to no-operation (NOP) logger implementation
SLF4J(W): See https://www.slf4j.org/codes.html#noProviders for further details.
]]></system-err>
  </testcase>
</testsuite>