<?xml version="1.0" encoding="UTF-8"?>
<testsuite xmlns:xsi="http://www.w3.org/2001/XMLSchema-instance" xsi:noNamespaceSchemaLocation="https://maven.apache.org/surefire/maven-surefire-plugin/xsd/surefire-test-report-3.0.xsd" version="3.0" name="TestSuite" time="72.872" tests="2" errors="0" skipped="1" failures="1">
  <properties>
[...]
</properties>
  <testcase name="BookMark_testing[{strategyType=Bear Call Spread, strikeSelection=Price, expiryType=Monthly, stgSqroffType=Complete, legExpiryType1=Basic, legInstrumentType1=Put, legOrderMode2=Sell, legPrice1=56, legPrice2=57, legLotMultiplier1=4, legTP1=100, legSL1=30, legTrailSLat1=50, legTrailSLby1=60, legMoveSL1=70, legSL2=40, legMoveSL2=41, legWTT1=93, legSlReExecution2=5, legExitRangeType1=2, legMinRangeValue1=50, legMaxRangeValue1=99, stgSl=44, stgSlReExecution=46, stgTrailSLat=60, stgTrailSLby=40, stgLockProfitOn=53, stgLockProfitAt=49, portfolioTP=90}](1)" classname="TestPackage.BookMark_Functionality" time="0.0">
    <skipped message="MainModules.StrategyForm.portfolioTP(java.lang.String)"/>
    <system-out><![CDATA[12-Mar-2024 07:33:36 BaseTest [main] INFO : Report Started
12-Mar-2024 07:33:38 BaseTest [main] INFO : ChromeDriver initialized
12-Mar-2024 07:33:44 BaseTest [main] INFO : Login page opened
12-Mar-2024 07:33:44 Listners [main] INFO : =========TEST INFO===========
12-Mar-2024 07:33:44 Listners [main] INFO : Test : Bookmark Strategy started
12-Mar-2024 07:33:55 LoginPage [main] INFO : User Logged In
12-Mar-2024 07:33:55 LoginPage [main] INFO : My portfolio page opened
12-Mar-2024 07:33:58 LoginPage [main] INFO : Portfolio form opened
12-Mar-2024 07:33:58 PortfolioForm [main] INFO : Strategy form opened
12-Mar-2024 07:34:15 RetryAnalyzer [main] WARN : Retrying test : null
]]></system-out>
    <system-err><![CDATA[SLF4J(W): No SLF4J providers were found.
SLF4J(W): Defaulting to no-operation (NOP) logger implementation
SLF4J(W): See https://www.slf4j.org/codes.html#noProviders for further details.
Mar 12, 2024 7:33:38 AM org.openqa.selenium.devtools.CdpVersionFinder findNearestMatch
WARNING: Unable to find an exact match for CDP version 122, returning the closest version; found: 121; Please update to a Selenium version that supports CDP version 122
]]></system-err>
  </testcase>
  <testcase name="BookMark_testing[{strategyType=Bear Call Spread, strikeSelection=Price, expiryType=Monthly, stgSqroffType=Complete, legExpiryType1=Basic, legInstrumentType1=Put, legOrderMode2=Sell, legPrice1=56, legPrice2=57, legLotMultiplier1=4, legTP1=100, legSL1=30, legTrailSLat1=50, legTrailSLby1=60, legMoveSL1=70, legSL2=40, legMoveSL2=41, legWTT1=93, legSlReExecution2=5, legExitRangeType1=2, legMinRangeValue1=50, legMaxRangeValue1=99, stgSl=44, stgSlReExecution=46, stgTrailSLat=60, stgTrailSLby=40, stgLockProfitOn=53, stgLockProfitAt=49, portfolioTP=90}](2)" classname="TestPackage.BookMark_Functionality" time="23.09">
    <failure type="java.lang.reflect.InvocationTargetException"><![CDATA[java.lang.reflect.InvocationTargetException
	at java.base/jdk.internal.reflect.DirectMethodHandleAccessor.invoke(DirectMethodHandleAccessor.java:119)
	at java.base/java.lang.reflect.Method.invoke(Method.java:578)
	at MainModules.StrategyForm.legField(StrategyForm.java:113)
	at TestComponents.BaseTest.SetStrategyLegParams(BaseTest.java:149)
	at TestPackage.BookMark_Functionality.BookMark_testing(BookMark_Functionality.java:55)
	at java.base/jdk.internal.reflect.DirectMethodHandleAccessor.invoke(DirectMethodHandleAccessor.java:104)
	at java.base/java.lang.reflect.Method.invoke(Method.java:578)
	at org.testng.internal.invokers.MethodInvocationHelper.invokeMethod(MethodInvocationHelper.java:139)
	at org.testng.internal.invokers.TestInvoker.invokeMethod(TestInvoker.java:664)
	at org.testng.internal.invokers.TestInvoker.retryFailed(TestInvoker.java:249)
	at org.testng.internal.invokers.MethodRunner.runInSequence(MethodRunner.java:76)
	at org.testng.internal.invokers.TestInvoker$MethodInvocationAgent.invoke(TestInvoker.java:961)
	at org.testng.internal.invokers.TestInvoker.invokeTestMethods(TestInvoker.java:201)
	at org.testng.internal.invokers.TestMethodWorker.invokeTestMethods(TestMethodWorker.java:148)
	at org.testng.internal.invokers.TestMethodWorker.run(TestMethodWorker.java:128)
	at java.base/java.util.ArrayList.forEach(ArrayList.java:1511)
	at org.testng.TestRunner.privateRun(TestRunner.java:819)
	at org.testng.TestRunner.run(TestRunner.java:619)
	at org.testng.SuiteRunner.runTest(SuiteRunner.java:443)
	at org.testng.SuiteRunner.runSequentially(SuiteRunner.java:437)
	at org.testng.SuiteRunner.privateRun(SuiteRunner.java:397)
	at org.testng.SuiteRunner.run(SuiteRunner.java:336)
	at org.testng.SuiteRunnerWorker.runSuite(SuiteRunnerWorker.java:52)
	at org.testng.SuiteRunnerWorker.run(SuiteRunnerWorker.java:95)
	at org.testng.TestNG.runSuitesSequentially(TestNG.java:1301)
	at org.testng.TestNG.runSuitesLocally(TestNG.java:1228)
	at org.testng.TestNG.runSuites(TestNG.java:1134)
	at org.testng.TestNG.run(TestNG.java:1101)
	at org.apache.maven.surefire.testng.TestNGExecutor.run(TestNGExecutor.java:308)
	at org.apache.maven.surefire.testng.TestNGXmlTestSuite.execute(TestNGXmlTestSuite.java:71)
	at org.apache.maven.surefire.testng.TestNGProvider.invoke(TestNGProvider.java:113)
	at org.apache.maven.surefire.booter.ForkedBooter.runSuitesInProcess(ForkedBooter.java:385)
	at org.apache.maven.surefire.booter.ForkedBooter.execute(ForkedBooter.java:162)
	at org.apache.maven.surefire.booter.ForkedBooter.run(ForkedBooter.java:507)
	at org.apache.maven.surefire.booter.ForkedBooter.main(ForkedBooter.java:495)
Caused by: org.openqa.selenium.ElementClickInterceptedException: element click intercepted: Element <label class="mat-checkbox-layout" for="mat-checkbox-11-input">...</label> is not clickable at point (159, 517). Other element would receive the click: <span class="mat-option-text">...</span>
  (Session info: chrome=122.0.6261.112)
Build info: version: '4.17.0', revision: 'e52b1be057*'
System info: os.name: 'Windows 11', os.arch: 'amd64', os.version: '10.0', java.version: '20.0.1'
Driver info: org.openqa.selenium.chrome.ChromeDriver
Command: [4b4363a06734bdf170c698ce68514978, clickElement {id=f.7DDD5221C5DD1659D45515B4E8706032.d.9A7ED82C81181EFF579CE94A9A9E3119.e.521}]
Capabilities {acceptInsecureCerts: false, browserName: chrome, browserVersion: 122.0.6261.112, chrome: {chromedriverVersion: 122.0.6261.111 (9d4c1072da6..., userDataDir: C:\Users\jayan\AppData\Loca...}, fedcm:accounts: true, goog:chromeOptions: {debuggerAddress: localhost:50590}, networkConnectionEnabled: false, pageLoadStrategy: normal, platformName: windows, proxy: Proxy(), se:cdp: ws://localhost:50590/devtoo..., se:cdpVersion: 122.0.6261.112, setWindowRect: true, strictFileInteractability: false, timeouts: {implicit: 0, pageLoad: 300000, script: 30000}, unhandledPromptBehavior: dismiss and notify, webauthn:extension:credBlob: true, webauthn:extension:largeBlob: true, webauthn:extension:minPinLength: true, webauthn:extension:prf: true, webauthn:virtualAuthenticators: true}
Element: [[ChromeDriver: chrome on windows (4b4363a06734bdf170c698ce68514978)] -> xpath: //app-strategy-leg-form[1]//mat-checkbox[@formcontrolName='TPEnabled']/label]
Session ID: 4b4363a06734bdf170c698ce68514978
	at java.base/jdk.internal.reflect.DirectConstructorHandleAccessor.newInstance(DirectConstructorHandleAccessor.java:67)
	at java.base/java.lang.reflect.Constructor.newInstanceWithCaller(Constructor.java:500)
	at java.base/java.lang.reflect.Constructor.newInstance(Constructor.java:484)
	at org.openqa.selenium.remote.codec.w3c.W3CHttpResponseCodec.createException(W3CHttpResponseCodec.java:185)
	at org.openqa.selenium.remote.codec.w3c.W3CHttpResponseCodec.decode(W3CHttpResponseCodec.java:134)
	at org.openqa.selenium.remote.codec.w3c.W3CHttpResponseCodec.decode(W3CHttpResponseCodec.java:51)
	at org.openqa.selenium.remote.HttpCommandExecutor.execute(HttpCommandExecutor.java:190)
	at org.openqa.selenium.remote.service.DriverCommandExecutor.invokeExecute(DriverCommandExecutor.java:216)
	at org.openqa.selenium.remote.service.DriverCommandExecutor.execute(DriverCommandExecutor.java:174)
	at org.openqa.selenium.remote.RemoteWebDriver.execute(RemoteWebDriver.java:519)
	at org.openqa.selenium.remote.RemoteWebElement.execute(RemoteWebElement.java:223)
	at org.openqa.selenium.remote.RemoteWebElement.click(RemoteWebElement.java:76)
	at MainModules.StrategyForm.enableTP(StrategyForm.java:163)
	at MainModules.StrategyForm.legTP(StrategyForm.java:156)
	at java.base/jdk.internal.reflect.DirectMethodHandleAccessor.invoke(DirectMethodHandleAccessor.java:104)
	... 34 more
]]></failure>
    <system-out><![CDATA[12-Mar-2024 07:34:15 Listners [main] DEBUG: Test : Bookmark Strategy Skipped
12-Mar-2024 07:34:17 BaseTest [main] INFO : ChromeDriver initialized
12-Mar-2024 07:34:23 BaseTest [main] INFO : Login page opened
12-Mar-2024 07:34:23 Listners [main] INFO : =========TEST INFO===========
12-Mar-2024 07:34:23 Listners [main] INFO : Test : Bookmark Strategy started
12-Mar-2024 07:34:33 LoginPage [main] INFO : User Logged In
12-Mar-2024 07:34:34 LoginPage [main] INFO : My portfolio page opened
12-Mar-2024 07:34:36 LoginPage [main] INFO : Portfolio form opened
12-Mar-2024 07:34:37 PortfolioForm [main] INFO : Strategy form opened
12-Mar-2024 07:34:46 RetryAnalyzer [main] WARN : Retrying test : null
]]></system-out>
    <system-err><![CDATA[Mar 12, 2024 7:34:17 AM org.openqa.selenium.devtools.CdpVersionFinder findNearestMatch
WARNING: Unable to find an exact match for CDP version 122, returning the closest version; found: 121; Please update to a Selenium version that supports CDP version 122
]]></system-err>
  </testcase>
</testsuite>