<?xml version="1.0" encoding="UTF-8"?>
<testng-results ignored="0" total="1" passed="1" failed="0" skipped="0">
  <reporter-output>
  </reporter-output>
  <suite started-at="2024-04-20T13:13:43 IST" name="Suite" finished-at="2024-04-20T13:14:14 IST" duration-ms="30393">
    <groups>
      <group name="RunOnly">
        <method signature="MyProfile.ChangeProfilePicture()[pri:0, instance:TestPackage.MyProfile@1b28f282]" name="ChangeProfilePicture" class="TestPackage.MyProfile"/>
      </group> <!-- RunOnly -->
    </groups>
    <test started-at="2024-04-20T13:13:43 IST" name="MyProfile" finished-at="2024-04-20T13:14:14 IST" duration-ms="30393">
      <class name="TestPackage.MyProfile">
        <test-method is-config="true" signature="InitiateReport()[pri:0, instance:TestPackage.MyProfile@1b28f282]" started-at="2024-04-20T13:13:43 IST" name="InitiateReport" finished-at="2024-04-20T13:13:43 IST" duration-ms="384" status="PASS">
          <reporter-output>
          </reporter-output>
        </test-method> <!-- InitiateReport -->
        <test-method is-config="true" signature="launchApplication()[pri:0, instance:TestPackage.MyProfile@1b28f282]" started-at="2024-04-20T13:13:44 IST" name="launchApplication" finished-at="2024-04-20T13:13:56 IST" duration-ms="12914" status="PASS">
          <reporter-output>
          </reporter-output>
        </test-method> <!-- launchApplication -->
        <test-method signature="ChangeProfilePicture()[pri:0, instance:TestPackage.MyProfile@1b28f282]" started-at="2024-04-20T13:13:56 IST" name="ChangeProfilePicture" finished-at="2024-04-20T13:14:13 IST" duration-ms="16857" status="PASS">
          <reporter-output>
          </reporter-output>
        </test-method> <!-- ChangeProfilePicture -->
        <test-method is-config="true" signature="closeDriver()[pri:0, instance:TestPackage.MyProfile@1b28f282]" started-at="2024-04-20T13:14:13 IST" name="closeDriver" finished-at="2024-04-20T13:14:14 IST" duration-ms="531" status="PASS">
          <reporter-output>
          </reporter-output>
        </test-method> <!-- closeDriver -->
        <test-method is-config="true" signature="flushReport()[pri:0, instance:TestPackage.MyProfile@1b28f282]" started-at="2024-04-20T13:14:14 IST" name="flushReport" finished-at="2024-04-20T13:14:15 IST" duration-ms="1371" status="PASS">
          <reporter-output>
          </reporter-output>
        </test-method> <!-- flushReport -->
      </class> <!-- TestPackage.MyProfile -->
    </test> <!-- MyProfile -->
  </suite> <!-- Suite -->
</testng-results>
