<?xml version="1.0" encoding="UTF-8"?>
<testng-results ignored="0" total="1" passed="1" failed="0" skipped="0">
  <reporter-output>
  </reporter-output>
  <suite started-at="2024-04-09T08:16:13 IST" name="Suite" finished-at="2024-04-09T08:16:38 IST" duration-ms="25250">
    <groups>
      <group name="Smoke">
        <method signature="Copy_functionality.createCopy(java.lang.String)[pri:0, instance:TestPackage.Copy_functionality@6cea706c]" name="createCopy" class="TestPackage.Copy_functionality"/>
      </group> <!-- Smoke -->
    </groups>
    <test started-at="2024-04-09T08:16:13 IST" name="Copy functionality" finished-at="2024-04-09T08:16:38 IST" duration-ms="25250">
      <class name="TestPackage.Copy_functionality">
        <test-method is-config="true" signature="InitiateReport()[pri:0, instance:TestPackage.Copy_functionality@6cea706c]" started-at="2024-04-09T08:16:13 IST" name="InitiateReport" finished-at="2024-04-09T08:16:13 IST" duration-ms="274" status="PASS">
          <reporter-output>
          </reporter-output>
        </test-method> <!-- InitiateReport -->
        <test-method is-config="true" signature="launchApplication()[pri:0, instance:TestPackage.Copy_functionality@6cea706c]" started-at="2024-04-09T08:16:13 IST" name="launchApplication" finished-at="2024-04-09T08:16:23 IST" duration-ms="10147" status="PASS">
          <reporter-output>
          </reporter-output>
        </test-method> <!-- launchApplication -->
        <test-method signature="createCopy(java.lang.String)[pri:0, instance:TestPackage.Copy_functionality@6cea706c]" started-at="2024-04-09T08:16:23 IST" name="createCopy" finished-at="2024-04-09T08:16:38 IST" duration-ms="14497" status="PASS">
          <params>
            <param index="0">
              <value>
                <![CDATA[Guruvar Ka Guru]]>
              </value>
            </param>
          </params>
          <reporter-output>
          </reporter-output>
        </test-method> <!-- createCopy -->
        <test-method is-config="true" signature="closeDriver()[pri:0, instance:TestPackage.Copy_functionality@6cea706c]" started-at="2024-04-09T08:16:38 IST" name="closeDriver" finished-at="2024-04-09T08:16:38 IST" duration-ms="478" status="PASS">
          <reporter-output>
          </reporter-output>
        </test-method> <!-- closeDriver -->
        <test-method is-config="true" signature="flushReport()[pri:0, instance:TestPackage.Copy_functionality@6cea706c]" started-at="2024-04-09T08:16:38 IST" name="flushReport" finished-at="2024-04-09T08:16:39 IST" duration-ms="834" status="PASS">
          <reporter-output>
          </reporter-output>
        </test-method> <!-- flushReport -->
      </class> <!-- TestPackage.Copy_functionality -->
    </test> <!-- Copy functionality -->
  </suite> <!-- Suite -->
</testng-results>
