<?xml version="1.0" encoding="UTF-8"?>
<testng-results ignored="0" total="3" passed="3" failed="0" skipped="0">
  <reporter-output>
  </reporter-output>
  <suite started-at="2024-02-15T21:36:25 IST" name="Suite" finished-at="2024-02-15T21:38:23 IST" duration-ms="118073">
    <groups>
      <group name="Smoke">
        <method signature="BookMark_Functionality.BookMark_testing(java.util.HashMap)[pri:0, instance:TestPackage.BookMark_Functionality@cd1e646]" name="BookMark_testing" class="TestPackage.BookMark_Functionality"/>
        <method signature="Create_portfolio_functionality.CreatePortfolioTest()[pri:0, instance:TestPackage.Create_portfolio_functionality@21d03963]" name="CreatePortfolioTest" class="TestPackage.Create_portfolio_functionality"/>
      </group> <!-- Smoke -->
    </groups>
    <test started-at="2024-02-15T21:36:25 IST" name="Test" finished-at="2024-02-15T21:38:23 IST" duration-ms="118073">
      <class name="TestPackage.BookMark_Functionality">
        <test-method is-config="true" signature="launchApplication()[pri:0, instance:TestPackage.BookMark_Functionality@cd1e646]" started-at="2024-02-15T21:36:26 IST" name="launchApplication" finished-at="2024-02-15T21:36:40 IST" duration-ms="14381" status="PASS">
          <reporter-output>
          </reporter-output>
        </test-method> <!-- launchApplication -->
        <test-method signature="BookMark_testing(java.util.HashMap)[pri:0, instance:TestPackage.BookMark_Functionality@cd1e646]" started-at="2024-02-15T21:36:40 IST" name="BookMark_testing" data-provider="StrategyDetailsData" finished-at="2024-02-15T21:37:25 IST" duration-ms="45216" status="PASS">
          <params>
            <param index="0">
              <value>
                <![CDATA[{strikeSelection=Price, expiryType=Monthly, price1=100, strategyType=Bear Call Spread, price2=200}]]>
              </value>
            </param>
          </params>
          <reporter-output>
          </reporter-output>
        </test-method> <!-- BookMark_testing -->
        <test-method is-config="true" signature="closeDriver()[pri:0, instance:TestPackage.BookMark_Functionality@cd1e646]" started-at="2024-02-15T21:37:25 IST" name="closeDriver" finished-at="2024-02-15T21:37:26 IST" duration-ms="437" status="PASS">
          <reporter-output>
          </reporter-output>
        </test-method> <!-- closeDriver -->
        <test-method is-config="true" signature="launchApplication()[pri:0, instance:TestPackage.BookMark_Functionality@cd1e646]" started-at="2024-02-15T21:37:26 IST" name="launchApplication" finished-at="2024-02-15T21:37:42 IST" duration-ms="15650" status="PASS">
          <reporter-output>
          </reporter-output>
        </test-method> <!-- launchApplication -->
        <test-method signature="BookMark_testing(java.util.HashMap)[pri:0, instance:TestPackage.BookMark_Functionality@cd1e646]" started-at="2024-02-15T21:37:42 IST" name="BookMark_testing" data-provider="StrategyDetailsData" finished-at="2024-02-15T21:38:22 IST" duration-ms="40813" status="PASS">
          <params>
            <param index="0">
              <value>
                <![CDATA[{strikeSelection=Price, expiryType=Monthly, price1=500, strategyType=Bear Put Spread, price2=1000}]]>
              </value>
            </param>
          </params>
          <reporter-output>
          </reporter-output>
        </test-method> <!-- BookMark_testing -->
        <test-method is-config="true" signature="closeDriver()[pri:0, instance:TestPackage.BookMark_Functionality@cd1e646]" started-at="2024-02-15T21:38:22 IST" name="closeDriver" finished-at="2024-02-15T21:38:23 IST" duration-ms="443" status="PASS">
          <reporter-output>
          </reporter-output>
        </test-method> <!-- closeDriver -->
      </class> <!-- TestPackage.BookMark_Functionality -->
      <class name="TestPackage.Create_portfolio_functionality">
        <test-method is-config="true" signature="launchApplication()[pri:0, instance:TestPackage.Create_portfolio_functionality@21d03963]" started-at="2024-02-15T21:36:25 IST" name="launchApplication" finished-at="2024-02-15T21:36:39 IST" duration-ms="14517" status="PASS">
          <reporter-output>
          </reporter-output>
        </test-method> <!-- launchApplication -->
        <test-method signature="CreatePortfolioTest()[pri:0, instance:TestPackage.Create_portfolio_functionality@21d03963]" started-at="2024-02-15T21:36:39 IST" name="CreatePortfolioTest" finished-at="2024-02-15T21:37:25 IST" duration-ms="46104" status="PASS">
          <reporter-output>
          </reporter-output>
        </test-method> <!-- CreatePortfolioTest -->
        <test-method is-config="true" signature="closeDriver()[pri:0, instance:TestPackage.Create_portfolio_functionality@21d03963]" started-at="2024-02-15T21:37:25 IST" name="closeDriver" finished-at="2024-02-15T21:37:26 IST" duration-ms="807" status="PASS">
          <reporter-output>
          </reporter-output>
        </test-method> <!-- closeDriver -->
      </class> <!-- TestPackage.Create_portfolio_functionality -->
    </test> <!-- Test -->
  </suite> <!-- Suite -->
</testng-results>
