<?xml version="1.0" encoding="UTF-8"?>
<testng-results retried="1" ignored="1" total="4" passed="1" failed="1" skipped="0">
  <reporter-output>
  </reporter-output>
  <suite started-at="2024-03-03T12:20:21 IST" name="Suite" finished-at="2024-03-03T12:23:09 IST" duration-ms="167741">
    <groups>
    </groups>
    <test started-at="2024-03-03T12:20:21 IST" name="Bookmark Strategy" finished-at="2024-03-03T12:23:09 IST" duration-ms="167741">
      <class name="TestPackage.BookMark_Functionality">
        <test-method is-config="true" signature="InitiateReport()[pri:0, instance:TestPackage.BookMark_Functionality@476aac9]" started-at="2024-03-03T12:20:21 IST" name="InitiateReport" finished-at="2024-03-03T12:20:21 IST" duration-ms="356" status="PASS">
          <reporter-output>
          </reporter-output>
        </test-method> <!-- InitiateReport -->
        <test-method is-config="true" signature="launchApplication()[pri:0, instance:TestPackage.BookMark_Functionality@476aac9]" started-at="2024-03-03T12:20:21 IST" name="launchApplication" finished-at="2024-03-03T12:20:47 IST" duration-ms="25663" status="PASS">
          <reporter-output>
          </reporter-output>
        </test-method> <!-- launchApplication -->
        <test-method signature="BookMark_testing(java.util.HashMap)[pri:0, instance:TestPackage.BookMark_Functionality@476aac9]" started-at="2024-03-03T12:20:47 IST" name="BookMark_testing" data-provider="StrategyDetailsData" finished-at="2024-03-03T12:22:22 IST" duration-ms="94489" status="PASS">
          <params>
            <param index="0">
              <value>
                <![CDATA[{strikeSelection=Price, expiryType=Monthly, price1=100, strategyType=Bear Call Spread, price2=200}]]>
              </value>
            </param>
          </params>
          <reporter-output>
          </reporter-output>
        </test-method> <!-- BookMark_testing -->
        <test-method is-config="true" signature="closeDriver()[pri:0, instance:TestPackage.BookMark_Functionality@476aac9]" started-at="2024-03-03T12:22:22 IST" name="closeDriver" finished-at="2024-03-03T12:22:22 IST" duration-ms="229" status="PASS">
          <reporter-output>
          </reporter-output>
        </test-method> <!-- closeDriver -->
        <test-method is-config="true" signature="launchApplication()[pri:0, instance:TestPackage.BookMark_Functionality@476aac9]" started-at="2024-03-03T12:22:22 IST" name="launchApplication" finished-at="2024-03-03T12:22:33 IST" duration-ms="11364" status="PASS">
          <reporter-output>
          </reporter-output>
        </test-method> <!-- launchApplication -->
        <test-method retried="true" signature="unBookMarking()[pri:0, instance:TestPackage.BookMark_Functionality@476aac9]" started-at="2024-03-03T12:22:33 IST" name="unBookMarking" finished-at="2024-03-03T12:22:46 IST" depends-on-methods="TestPackage.BookMark_Functionality.BookMark_testing" duration-ms="12502" status="SKIP">
          <exception class="org.openqa.selenium.ElementClickInterceptedException">
            <message>
              <![CDATA[element click intercepted: Element <button type="button" class="mat-button-toggle-button mat-focus-indicator" id="mat-button-toggle-2-button" tabindex="-1" aria-pressed="false" name="dashboard_tabs">...</button> is not clickable at point (339, 35). Other element would receive the click: <div class="full ngx-backdrop-custom-backdrop ng-star-inserted">...</div>
  (Session info: edge-headless-shell=123.0.2420.10)
Build info: version: '4.17.0', revision: 'e52b1be057*'
System info: os.name: 'Windows 11', os.arch: 'amd64', os.version: '10.0', java.version: '17.0.6'
Driver info: org.openqa.selenium.edge.EdgeDriver
Command: [5210f4e36f41db64bb63bca2bc358707, clickElement {id=f.A2BA9491998EF57C61028909ED2D163C.d.887AC36AD6627F4EF22D63AE2D965E46.e.67}]
Capabilities {acceptInsecureCerts: false, browserName: edge-headless-shell, browserVersion: 123.0.2420.10, fedcm:accounts: true, ms:edgeOptions: {debuggerAddress: localhost:50706}, msedge: {msedgedriverVersion: 123.0.2420.10 (8f8b9e6320f9..., userDataDir: C:\Users\jayan\AppData\Loca...}, networkConnectionEnabled: false, pageLoadStrategy: normal, platformName: windows, proxy: Proxy(), se:cdp: ws://localhost:50706/devtoo..., se:cdpVersion: 123.0.2420.10, setWindowRect: true, strictFileInteractability: false, timeouts: {implicit: 0, pageLoad: 300000, script: 30000}, unhandledPromptBehavior: dismiss and notify, webauthn:extension:credBlob: true, webauthn:extension:largeBlob: true, webauthn:extension:minPinLength: true, webauthn:extension:prf: true, webauthn:virtualAuthenticators: true}
Element: [[EdgeDriver: edge-headless-shell on windows (5210f4e36f41db64bb63bca2bc358707)] -> id: mat-button-toggle-2-button]
Session ID: 5210f4e36f41db64bb63bca2bc358707]]>
            </message>
            <full-stacktrace>
              <![CDATA[org.openqa.selenium.ElementClickInterceptedException: element click intercepted: Element <button type="button" class="mat-button-toggle-button mat-focus-indicator" id="mat-button-toggle-2-button" tabindex="-1" aria-pressed="false" name="dashboard_tabs">...</button> is not clickable at point (339, 35). Other element would receive the click: <div class="full ngx-backdrop-custom-backdrop ng-star-inserted">...</div>
  (Session info: edge-headless-shell=123.0.2420.10)
Build info: version: '4.17.0', revision: 'e52b1be057*'
System info: os.name: 'Windows 11', os.arch: 'amd64', os.version: '10.0', java.version: '17.0.6'
Driver info: org.openqa.selenium.edge.EdgeDriver
Command: [5210f4e36f41db64bb63bca2bc358707, clickElement {id=f.A2BA9491998EF57C61028909ED2D163C.d.887AC36AD6627F4EF22D63AE2D965E46.e.67}]
Capabilities {acceptInsecureCerts: false, browserName: edge-headless-shell, browserVersion: 123.0.2420.10, fedcm:accounts: true, ms:edgeOptions: {debuggerAddress: localhost:50706}, msedge: {msedgedriverVersion: 123.0.2420.10 (8f8b9e6320f9..., userDataDir: C:\Users\jayan\AppData\Loca...}, networkConnectionEnabled: false, pageLoadStrategy: normal, platformName: windows, proxy: Proxy(), se:cdp: ws://localhost:50706/devtoo..., se:cdpVersion: 123.0.2420.10, setWindowRect: true, strictFileInteractability: false, timeouts: {implicit: 0, pageLoad: 300000, script: 30000}, unhandledPromptBehavior: dismiss and notify, webauthn:extension:credBlob: true, webauthn:extension:largeBlob: true, webauthn:extension:minPinLength: true, webauthn:extension:prf: true, webauthn:virtualAuthenticators: true}
Element: [[EdgeDriver: edge-headless-shell on windows (5210f4e36f41db64bb63bca2bc358707)] -> id: mat-button-toggle-2-button]
Session ID: 5210f4e36f41db64bb63bca2bc358707
at java.base/jdk.internal.reflect.NativeConstructorAccessorImpl.newInstance0(Native Method)
at java.base/jdk.internal.reflect.NativeConstructorAccessorImpl.newInstance(NativeConstructorAccessorImpl.java:77)
at java.base/jdk.internal.reflect.DelegatingConstructorAccessorImpl.newInstance(DelegatingConstructorAccessorImpl.java:45)
at java.base/java.lang.reflect.Constructor.newInstanceWithCaller(Constructor.java:499)
at java.base/java.lang.reflect.Constructor.newInstance(Constructor.java:480)
at org.openqa.selenium.remote.codec.w3c.W3CHttpResponseCodec.createException(W3CHttpResponseCodec.java:185)
at org.openqa.selenium.remote.codec.w3c.W3CHttpResponseCodec.decode(W3CHttpResponseCodec.java:134)
at org.openqa.selenium.remote.codec.w3c.W3CHttpResponseCodec.decode(W3CHttpResponseCodec.java:51)
at org.openqa.selenium.remote.HttpCommandExecutor.execute(HttpCommandExecutor.java:190)
at org.openqa.selenium.remote.service.DriverCommandExecutor.invokeExecute(DriverCommandExecutor.java:216)
at org.openqa.selenium.remote.service.DriverCommandExecutor.execute(DriverCommandExecutor.java:174)
at org.openqa.selenium.remote.RemoteWebDriver.execute(RemoteWebDriver.java:519)
at org.openqa.selenium.remote.RemoteWebElement.execute(RemoteWebElement.java:223)
at org.openqa.selenium.remote.RemoteWebElement.click(RemoteWebElement.java:76)
at AbstractClasses.AbstractClass.goToMyportfolioPage(AbstractClass.java:31)
at TestPackage.BookMark_Functionality.unBookMarking(BookMark_Functionality.java:72)
at java.base/jdk.internal.reflect.NativeMethodAccessorImpl.invoke0(Native Method)
at java.base/jdk.internal.reflect.NativeMethodAccessorImpl.invoke(NativeMethodAccessorImpl.java:77)
at java.base/jdk.internal.reflect.DelegatingMethodAccessorImpl.invoke(DelegatingMethodAccessorImpl.java:43)
at java.base/java.lang.reflect.Method.invoke(Method.java:568)
at org.testng.internal.invokers.MethodInvocationHelper.invokeMethod(MethodInvocationHelper.java:139)
at org.testng.internal.invokers.TestInvoker.invokeMethod(TestInvoker.java:664)
at org.testng.internal.invokers.TestInvoker.invokeTestMethod(TestInvoker.java:228)
at org.testng.internal.invokers.MethodRunner.runInSequence(MethodRunner.java:63)
at org.testng.internal.invokers.TestInvoker$MethodInvocationAgent.invoke(TestInvoker.java:961)
at org.testng.internal.invokers.TestInvoker.invokeTestMethods(TestInvoker.java:201)
at org.testng.internal.invokers.TestMethodWorker.invokeTestMethods(TestMethodWorker.java:148)
at org.testng.internal.invokers.TestMethodWorker.run(TestMethodWorker.java:128)
at java.base/java.util.ArrayList.forEach(ArrayList.java:1511)
at org.testng.TestRunner.privateRun(TestRunner.java:819)
at org.testng.TestRunner.run(TestRunner.java:619)
at org.testng.SuiteRunner.runTest(SuiteRunner.java:443)
at org.testng.SuiteRunner.runSequentially(SuiteRunner.java:437)
at org.testng.SuiteRunner.privateRun(SuiteRunner.java:397)
at org.testng.SuiteRunner.run(SuiteRunner.java:336)
at org.testng.SuiteRunnerWorker.runSuite(SuiteRunnerWorker.java:52)
at org.testng.SuiteRunnerWorker.run(SuiteRunnerWorker.java:95)
at org.testng.TestNG.runSuitesSequentially(TestNG.java:1301)
at org.testng.TestNG.runSuitesLocally(TestNG.java:1228)
at org.testng.TestNG.runSuites(TestNG.java:1134)
at org.testng.TestNG.run(TestNG.java:1101)
at org.testng.remote.AbstractRemoteTestNG.run(AbstractRemoteTestNG.java:115)
at org.testng.remote.RemoteTestNG.initAndRun(RemoteTestNG.java:251)
at org.testng.remote.RemoteTestNG.main(RemoteTestNG.java:77)
]]>
            </full-stacktrace>
          </exception> <!-- org.openqa.selenium.ElementClickInterceptedException -->
          <reporter-output>
          </reporter-output>
        </test-method> <!-- unBookMarking -->
        <test-method is-config="true" signature="closeDriver()[pri:0, instance:TestPackage.BookMark_Functionality@476aac9]" started-at="2024-03-03T12:22:46 IST" name="closeDriver" finished-at="2024-03-03T12:22:46 IST" duration-ms="219" status="PASS">
          <reporter-output>
          </reporter-output>
        </test-method> <!-- closeDriver -->
        <test-method is-config="true" signature="launchApplication()[pri:0, instance:TestPackage.BookMark_Functionality@476aac9]" started-at="2024-03-03T12:22:46 IST" name="launchApplication" finished-at="2024-03-03T12:22:56 IST" duration-ms="9991" status="PASS">
          <reporter-output>
          </reporter-output>
        </test-method> <!-- launchApplication -->
        <test-method signature="unBookMarking()[pri:0, instance:TestPackage.BookMark_Functionality@476aac9]" started-at="2024-03-03T12:22:56 IST" name="unBookMarking" finished-at="2024-03-03T12:23:08 IST" depends-on-methods="TestPackage.BookMark_Functionality.BookMark_testing" duration-ms="12461" status="FAIL">
          <exception class="org.openqa.selenium.ElementClickInterceptedException">
            <message>
              <![CDATA[element click intercepted: Element <button type="button" class="mat-button-toggle-button mat-focus-indicator" id="mat-button-toggle-2-button" tabindex="-1" aria-pressed="false" name="dashboard_tabs">...</button> is not clickable at point (339, 35). Other element would receive the click: <div class="full ngx-backdrop-custom-backdrop ng-star-inserted">...</div>
  (Session info: edge-headless-shell=123.0.2420.10)
Build info: version: '4.17.0', revision: 'e52b1be057*'
System info: os.name: 'Windows 11', os.arch: 'amd64', os.version: '10.0', java.version: '17.0.6'
Driver info: org.openqa.selenium.edge.EdgeDriver
Command: [9bcbf0d8061d5b4d203182153ad769b4, clickElement {id=f.7274CEDFFB61BC016D61EAE6075A679A.d.27D10E5F18277879EE8C0CA47BFDC7B8.e.67}]
Capabilities {acceptInsecureCerts: false, browserName: edge-headless-shell, browserVersion: 123.0.2420.10, fedcm:accounts: true, ms:edgeOptions: {debuggerAddress: localhost:50762}, msedge: {msedgedriverVersion: 123.0.2420.10 (8f8b9e6320f9..., userDataDir: C:\Users\jayan\AppData\Loca...}, networkConnectionEnabled: false, pageLoadStrategy: normal, platformName: windows, proxy: Proxy(), se:cdp: ws://localhost:50762/devtoo..., se:cdpVersion: 123.0.2420.10, setWindowRect: true, strictFileInteractability: false, timeouts: {implicit: 0, pageLoad: 300000, script: 30000}, unhandledPromptBehavior: dismiss and notify, webauthn:extension:credBlob: true, webauthn:extension:largeBlob: true, webauthn:extension:minPinLength: true, webauthn:extension:prf: true, webauthn:virtualAuthenticators: true}
Element: [[EdgeDriver: edge-headless-shell on windows (9bcbf0d8061d5b4d203182153ad769b4)] -> id: mat-button-toggle-2-button]
Session ID: 9bcbf0d8061d5b4d203182153ad769b4]]>
            </message>
            <full-stacktrace>
              <![CDATA[org.openqa.selenium.ElementClickInterceptedException: element click intercepted: Element <button type="button" class="mat-button-toggle-button mat-focus-indicator" id="mat-button-toggle-2-button" tabindex="-1" aria-pressed="false" name="dashboard_tabs">...</button> is not clickable at point (339, 35). Other element would receive the click: <div class="full ngx-backdrop-custom-backdrop ng-star-inserted">...</div>
  (Session info: edge-headless-shell=123.0.2420.10)
Build info: version: '4.17.0', revision: 'e52b1be057*'
System info: os.name: 'Windows 11', os.arch: 'amd64', os.version: '10.0', java.version: '17.0.6'
Driver info: org.openqa.selenium.edge.EdgeDriver
Command: [9bcbf0d8061d5b4d203182153ad769b4, clickElement {id=f.7274CEDFFB61BC016D61EAE6075A679A.d.27D10E5F18277879EE8C0CA47BFDC7B8.e.67}]
Capabilities {acceptInsecureCerts: false, browserName: edge-headless-shell, browserVersion: 123.0.2420.10, fedcm:accounts: true, ms:edgeOptions: {debuggerAddress: localhost:50762}, msedge: {msedgedriverVersion: 123.0.2420.10 (8f8b9e6320f9..., userDataDir: C:\Users\jayan\AppData\Loca...}, networkConnectionEnabled: false, pageLoadStrategy: normal, platformName: windows, proxy: Proxy(), se:cdp: ws://localhost:50762/devtoo..., se:cdpVersion: 123.0.2420.10, setWindowRect: true, strictFileInteractability: false, timeouts: {implicit: 0, pageLoad: 300000, script: 30000}, unhandledPromptBehavior: dismiss and notify, webauthn:extension:credBlob: true, webauthn:extension:largeBlob: true, webauthn:extension:minPinLength: true, webauthn:extension:prf: true, webauthn:virtualAuthenticators: true}
Element: [[EdgeDriver: edge-headless-shell on windows (9bcbf0d8061d5b4d203182153ad769b4)] -> id: mat-button-toggle-2-button]
Session ID: 9bcbf0d8061d5b4d203182153ad769b4
at java.base/jdk.internal.reflect.NativeConstructorAccessorImpl.newInstance0(Native Method)
at java.base/jdk.internal.reflect.NativeConstructorAccessorImpl.newInstance(NativeConstructorAccessorImpl.java:77)
at java.base/jdk.internal.reflect.DelegatingConstructorAccessorImpl.newInstance(DelegatingConstructorAccessorImpl.java:45)
at java.base/java.lang.reflect.Constructor.newInstanceWithCaller(Constructor.java:499)
at java.base/java.lang.reflect.Constructor.newInstance(Constructor.java:480)
at org.openqa.selenium.remote.codec.w3c.W3CHttpResponseCodec.createException(W3CHttpResponseCodec.java:185)
at org.openqa.selenium.remote.codec.w3c.W3CHttpResponseCodec.decode(W3CHttpResponseCodec.java:134)
at org.openqa.selenium.remote.codec.w3c.W3CHttpResponseCodec.decode(W3CHttpResponseCodec.java:51)
at org.openqa.selenium.remote.HttpCommandExecutor.execute(HttpCommandExecutor.java:190)
at org.openqa.selenium.remote.service.DriverCommandExecutor.invokeExecute(DriverCommandExecutor.java:216)
at org.openqa.selenium.remote.service.DriverCommandExecutor.execute(DriverCommandExecutor.java:174)
at org.openqa.selenium.remote.RemoteWebDriver.execute(RemoteWebDriver.java:519)
at org.openqa.selenium.remote.RemoteWebElement.execute(RemoteWebElement.java:223)
at org.openqa.selenium.remote.RemoteWebElement.click(RemoteWebElement.java:76)
at AbstractClasses.AbstractClass.goToMyportfolioPage(AbstractClass.java:31)
at TestPackage.BookMark_Functionality.unBookMarking(BookMark_Functionality.java:72)
at java.base/jdk.internal.reflect.NativeMethodAccessorImpl.invoke0(Native Method)
at java.base/jdk.internal.reflect.NativeMethodAccessorImpl.invoke(NativeMethodAccessorImpl.java:77)
at java.base/jdk.internal.reflect.DelegatingMethodAccessorImpl.invoke(DelegatingMethodAccessorImpl.java:43)
at java.base/java.lang.reflect.Method.invoke(Method.java:568)
at org.testng.internal.invokers.MethodInvocationHelper.invokeMethod(MethodInvocationHelper.java:139)
at org.testng.internal.invokers.TestInvoker.invokeMethod(TestInvoker.java:664)
at org.testng.internal.invokers.TestInvoker.retryFailed(TestInvoker.java:249)
at org.testng.internal.invokers.MethodRunner.runInSequence(MethodRunner.java:76)
at org.testng.internal.invokers.TestInvoker$MethodInvocationAgent.invoke(TestInvoker.java:961)
at org.testng.internal.invokers.TestInvoker.invokeTestMethods(TestInvoker.java:201)
at org.testng.internal.invokers.TestMethodWorker.invokeTestMethods(TestMethodWorker.java:148)
at org.testng.internal.invokers.TestMethodWorker.run(TestMethodWorker.java:128)
at java.base/java.util.ArrayList.forEach(ArrayList.java:1511)
at org.testng.TestRunner.privateRun(TestRunner.java:819)
at org.testng.TestRunner.run(TestRunner.java:619)
at org.testng.SuiteRunner.runTest(SuiteRunner.java:443)
at org.testng.SuiteRunner.runSequentially(SuiteRunner.java:437)
at org.testng.SuiteRunner.privateRun(SuiteRunner.java:397)
at org.testng.SuiteRunner.run(SuiteRunner.java:336)
at org.testng.SuiteRunnerWorker.runSuite(SuiteRunnerWorker.java:52)
at org.testng.SuiteRunnerWorker.run(SuiteRunnerWorker.java:95)
at org.testng.TestNG.runSuitesSequentially(TestNG.java:1301)
at org.testng.TestNG.runSuitesLocally(TestNG.java:1228)
at org.testng.TestNG.runSuites(TestNG.java:1134)
at org.testng.TestNG.run(TestNG.java:1101)
at org.testng.remote.AbstractRemoteTestNG.run(AbstractRemoteTestNG.java:115)
at org.testng.remote.RemoteTestNG.initAndRun(RemoteTestNG.java:251)
at org.testng.remote.RemoteTestNG.main(RemoteTestNG.java:77)
]]>
            </full-stacktrace>
          </exception> <!-- org.openqa.selenium.ElementClickInterceptedException -->
          <reporter-output>
          </reporter-output>
        </test-method> <!-- unBookMarking -->
        <test-method is-config="true" signature="closeDriver()[pri:0, instance:TestPackage.BookMark_Functionality@476aac9]" started-at="2024-03-03T12:23:09 IST" name="closeDriver" finished-at="2024-03-03T12:23:09 IST" duration-ms="123" status="PASS">
          <reporter-output>
          </reporter-output>
        </test-method> <!-- closeDriver -->
        <test-method is-config="true" signature="flushReport()[pri:0, instance:TestPackage.BookMark_Functionality@476aac9]" started-at="2024-03-03T12:23:09 IST" name="flushReport" finished-at="2024-03-03T12:23:10 IST" duration-ms="753" status="PASS">
          <reporter-output>
          </reporter-output>
        </test-method> <!-- flushReport -->
      </class> <!-- TestPackage.BookMark_Functionality -->
    </test> <!-- Bookmark Strategy -->
  </suite> <!-- Suite -->
</testng-results>
