<?xml version="1.0" encoding="UTF-8"?>
<testng-results ignored="0" total="1" passed="1" failed="0" skipped="0">
  <reporter-output>
  </reporter-output>
  <suite started-at="2024-04-07T17:01:16 IST" name="Suite" finished-at="2024-04-07T17:01:41 IST" duration-ms="24414">
    <groups>
      <group name="Smoke">
        <method signature="UnSubscribe_portfolio.unSubscribe()[pri:0, instance:TestPackage.UnSubscribe_portfolio@48c40605]" name="unSubscribe" class="TestPackage.UnSubscribe_portfolio"/>
      </group> <!-- Smoke -->
    </groups>
    <test started-at="2024-04-07T17:01:16 IST" name="UnSubscribe portfolio" finished-at="2024-04-07T17:01:41 IST" duration-ms="24414">
      <class name="TestPackage.UnSubscribe_portfolio">
        <test-method is-config="true" signature="InitiateReport()[pri:0, instance:TestPackage.UnSubscribe_portfolio@48c40605]" started-at="2024-04-07T17:01:16 IST" name="InitiateReport" finished-at="2024-04-07T17:01:16 IST" duration-ms="286" status="PASS">
          <reporter-output>
          </reporter-output>
        </test-method> <!-- InitiateReport -->
        <test-method is-config="true" signature="launchApplication()[pri:0, instance:TestPackage.UnSubscribe_portfolio@48c40605]" started-at="2024-04-07T17:01:16 IST" name="launchApplication" finished-at="2024-04-07T17:01:26 IST" duration-ms="9666" status="PASS">
          <reporter-output>
          </reporter-output>
        </test-method> <!-- launchApplication -->
        <test-method signature="unSubscribe()[pri:0, instance:TestPackage.UnSubscribe_portfolio@48c40605]" started-at="2024-04-07T17:01:26 IST" name="unSubscribe" finished-at="2024-04-07T17:01:41 IST" duration-ms="14646" status="PASS">
          <reporter-output>
          </reporter-output>
        </test-method> <!-- unSubscribe -->
        <test-method is-config="true" signature="closeDriver()[pri:0, instance:TestPackage.UnSubscribe_portfolio@48c40605]" started-at="2024-04-07T17:01:41 IST" name="closeDriver" finished-at="2024-04-07T17:01:41 IST" duration-ms="0" status="PASS">
          <reporter-output>
          </reporter-output>
        </test-method> <!-- closeDriver -->
        <test-method is-config="true" signature="flushReport()[pri:0, instance:TestPackage.UnSubscribe_portfolio@48c40605]" started-at="2024-04-07T17:01:41 IST" name="flushReport" finished-at="2024-04-07T17:01:42 IST" duration-ms="1113" status="PASS">
          <reporter-output>
          </reporter-output>
        </test-method> <!-- flushReport -->
      </class> <!-- TestPackage.UnSubscribe_portfolio -->
    </test> <!-- UnSubscribe portfolio -->
  </suite> <!-- Suite -->
</testng-results>
