<?xml version="1.0" encoding="UTF-8"?>
<testng-results ignored="0" total="1" passed="1" failed="0" skipped="0">
  <reporter-output>
  </reporter-output>
  <suite started-at="2024-03-10T16:07:13 IST" name="Suite" finished-at="2024-03-10T16:09:25 IST" duration-ms="131686">
    <groups>
    </groups>
    <test started-at="2024-03-10T16:07:13 IST" name="Bookmark Strategy" finished-at="2024-03-10T16:09:25 IST" duration-ms="131686">
      <class name="TestPackage.BookMark_Functionality">
        <test-method is-config="true" signature="InitiateReport()[pri:0, instance:TestPackage.BookMark_Functionality@476aac9]" started-at="2024-03-10T16:07:13 IST" name="InitiateReport" finished-at="2024-03-10T16:07:13 IST" duration-ms="312" status="PASS">
          <reporter-output>
          </reporter-output>
        </test-method> <!-- InitiateReport -->
        <test-method is-config="true" signature="launchApplication()[pri:0, instance:TestPackage.BookMark_Functionality@476aac9]" started-at="2024-03-10T16:07:14 IST" name="launchApplication" finished-at="2024-03-10T16:07:26 IST" duration-ms="12231" status="PASS">
          <reporter-output>
          </reporter-output>
        </test-method> <!-- launchApplication -->
        <test-method signature="BookMark_testing(java.util.LinkedHashMap)[pri:0, instance:TestPackage.BookMark_Functionality@476aac9]" started-at="2024-03-10T16:07:26 IST" name="BookMark_testing" data-provider="StrategyDetailsData" finished-at="2024-03-10T16:09:25 IST" duration-ms="119017" status="PASS">
          <params>
            <param index="0">
              <value>
                <![CDATA[{strategyType=Bear Call Spread, strikeSelection=Price, expiryType=Monthly, legExpiryType1=Basic, legInstrumentType1=Put, legOrderMode2=Sell, legPrice1=56, legPrice2=57, legLotMultiplier1=4, legTP1=100, legSL1=30, legTrailSLat1=50, legTrailSLby1=60, legMoveSL1=70, legSL2=40, legMoveSL2=41, legWTT1=93, legSlReExecution2=5, legExitRangeType1=2, legMinRangeValue1=50, legMaxRangeValue1=99, stgSl=44, stgSlReExecution=46, stgTrailSLat=60, stgTrailSLby=40, stgLockProfitOn=53, stgLockProfitAt=49}]]>
              </value>
            </param>
          </params>
          <reporter-output>
          </reporter-output>
        </test-method> <!-- BookMark_testing -->
        <test-method is-config="true" signature="closeDriver()[pri:0, instance:TestPackage.BookMark_Functionality@476aac9]" started-at="2024-03-10T16:09:25 IST" name="closeDriver" finished-at="2024-03-10T16:09:25 IST" duration-ms="0" status="PASS">
          <reporter-output>
          </reporter-output>
        </test-method> <!-- closeDriver -->
        <test-method is-config="true" signature="flushReport()[pri:0, instance:TestPackage.BookMark_Functionality@476aac9]" started-at="2024-03-10T16:09:25 IST" name="flushReport" finished-at="2024-03-10T16:09:26 IST" duration-ms="921" status="PASS">
          <reporter-output>
          </reporter-output>
        </test-method> <!-- flushReport -->
      </class> <!-- TestPackage.BookMark_Functionality -->
    </test> <!-- Bookmark Strategy -->
  </suite> <!-- Suite -->
</testng-results>
