<?xml version="1.0" encoding="UTF-8"?>
<testng-results ignored="0" total="2" passed="2" failed="0" skipped="0">
  <reporter-output>
  </reporter-output>
  <suite started-at="2024-02-18T19:25:05 IST" name="Suite" finished-at="2024-02-18T19:27:02 IST" duration-ms="117012">
    <groups>
      <group name="Smoke">
        <method signature="Create_portfolio_functionality.CreatePortfolioTest()[pri:0, instance:TestPackage.Create_portfolio_functionality@7f485fda]" name="CreatePortfolioTest" class="TestPackage.Create_portfolio_functionality"/>
      </group> <!-- Smoke -->
    </groups>
    <test started-at="2024-02-18T19:25:05 IST" name="Create Strategy" finished-at="2024-02-18T19:26:02 IST" duration-ms="56751">
      <class name="TestPackage.Create_portfolio_functionality">
        <test-method is-config="true" signature="launchApplication()[pri:0, instance:TestPackage.Create_portfolio_functionality@7f485fda]" started-at="2024-02-18T19:25:05 IST" name="launchApplication" finished-at="2024-02-18T19:25:19 IST" duration-ms="13767" status="PASS">
          <reporter-output>
          </reporter-output>
        </test-method> <!-- launchApplication -->
        <test-method signature="CreatePortfolioTest()[pri:0, instance:TestPackage.Create_portfolio_functionality@7f485fda]" started-at="2024-02-18T19:25:19 IST" name="CreatePortfolioTest" finished-at="2024-02-18T19:26:01 IST" duration-ms="42578" status="PASS">
          <reporter-output>
          </reporter-output>
        </test-method> <!-- CreatePortfolioTest -->
        <test-method is-config="true" signature="closeDriver()[pri:0, instance:TestPackage.Create_portfolio_functionality@7f485fda]" started-at="2024-02-18T19:26:01 IST" name="closeDriver" finished-at="2024-02-18T19:26:02 IST" duration-ms="304" status="PASS">
          <reporter-output>
          </reporter-output>
        </test-method> <!-- closeDriver -->
      </class> <!-- TestPackage.Create_portfolio_functionality -->
    </test> <!-- Create Strategy -->
    <test started-at="2024-02-18T19:26:02 IST" name="Bookmark Strategy" finished-at="2024-02-18T19:27:02 IST" duration-ms="59976">
      <class name="TestPackage.BookMark_Functionality">
        <test-method is-config="true" signature="InitiateReport()[pri:0, instance:TestPackage.BookMark_Functionality@1033576a]" started-at="2024-02-18T19:25:04 IST" name="InitiateReport" finished-at="2024-02-18T19:25:05 IST" duration-ms="541" status="PASS">
          <reporter-output>
          </reporter-output>
        </test-method> <!-- InitiateReport -->
        <test-method is-config="true" signature="launchApplication()[pri:0, instance:TestPackage.BookMark_Functionality@1033576a]" started-at="2024-02-18T19:26:03 IST" name="launchApplication" finished-at="2024-02-18T19:26:07 IST" duration-ms="4607" status="PASS">
          <reporter-output>
          </reporter-output>
        </test-method> <!-- launchApplication -->
        <test-method signature="BookMark_testing(java.util.HashMap)[pri:0, instance:TestPackage.BookMark_Functionality@1033576a]" started-at="2024-02-18T19:26:07 IST" name="BookMark_testing" data-provider="StrategyDetailsData" finished-at="2024-02-18T19:27:02 IST" duration-ms="54393" status="PASS">
          <params>
            <param index="0">
              <value>
                <![CDATA[{strikeSelection=Price, expiryType=Monthly, price1=100, strategyType=Bear Call Spread, price2=200}]]>
              </value>
            </param>
          </params>
          <reporter-output>
          </reporter-output>
        </test-method> <!-- BookMark_testing -->
        <test-method is-config="true" signature="closeDriver()[pri:0, instance:TestPackage.BookMark_Functionality@1033576a]" started-at="2024-02-18T19:27:02 IST" name="closeDriver" finished-at="2024-02-18T19:27:02 IST" duration-ms="148" status="PASS">
          <reporter-output>
          </reporter-output>
        </test-method> <!-- closeDriver -->
        <test-method is-config="true" signature="flushReport()[pri:0, instance:TestPackage.BookMark_Functionality@1033576a]" started-at="2024-02-18T19:27:02 IST" name="flushReport" finished-at="2024-02-18T19:27:03 IST" duration-ms="1143" status="PASS">
          <reporter-output>
          </reporter-output>
        </test-method> <!-- flushReport -->
      </class> <!-- TestPackage.BookMark_Functionality -->
    </test> <!-- Bookmark Strategy -->
  </suite> <!-- Suite -->
</testng-results>
