<?xml version="1.0" encoding="UTF-8"?>
<testng-results ignored="0" total="1" passed="1" failed="0" skipped="0">
  <reporter-output>
  </reporter-output>
  <suite started-at="2024-04-07T22:28:37 IST" name="Suite" finished-at="2024-04-07T22:29:03 IST" duration-ms="25550">
    <groups>
      <group name="Smoke">
        <method signature="UnSubscribe_portfolio.unSubscribe(java.lang.String)[pri:0, instance:TestPackage.UnSubscribe_portfolio@61526469]" name="unSubscribe" class="TestPackage.UnSubscribe_portfolio"/>
      </group> <!-- Smoke -->
    </groups>
    <test started-at="2024-04-07T22:28:37 IST" name="UnSubscribe portfolio" finished-at="2024-04-07T22:29:03 IST" duration-ms="25550">
      <class name="TestPackage.UnSubscribe_portfolio">
        <test-method is-config="true" signature="InitiateReport()[pri:0, instance:TestPackage.UnSubscribe_portfolio@61526469]" started-at="2024-04-07T22:28:37 IST" name="InitiateReport" finished-at="2024-04-07T22:28:37 IST" duration-ms="429" status="PASS">
          <reporter-output>
          </reporter-output>
        </test-method> <!-- InitiateReport -->
        <test-method is-config="true" signature="launchApplication()[pri:0, instance:TestPackage.UnSubscribe_portfolio@61526469]" started-at="2024-04-07T22:28:38 IST" name="launchApplication" finished-at="2024-04-07T22:28:49 IST" duration-ms="10938" status="PASS">
          <reporter-output>
          </reporter-output>
        </test-method> <!-- launchApplication -->
        <test-method signature="unSubscribe(java.lang.String)[pri:0, instance:TestPackage.UnSubscribe_portfolio@61526469]" started-at="2024-04-07T22:28:49 IST" name="unSubscribe" finished-at="2024-04-07T22:29:03 IST" duration-ms="14491" status="PASS">
          <params>
            <param index="0">
              <value>
                <![CDATA[Turtle Trader]]>
              </value>
            </param>
          </params>
          <reporter-output>
          </reporter-output>
        </test-method> <!-- unSubscribe -->
        <test-method is-config="true" signature="closeDriver()[pri:0, instance:TestPackage.UnSubscribe_portfolio@61526469]" started-at="2024-04-07T22:29:03 IST" name="closeDriver" finished-at="2024-04-07T22:29:03 IST" duration-ms="0" status="PASS">
          <reporter-output>
          </reporter-output>
        </test-method> <!-- closeDriver -->
        <test-method is-config="true" signature="flushReport()[pri:0, instance:TestPackage.UnSubscribe_portfolio@61526469]" started-at="2024-04-07T22:29:03 IST" name="flushReport" finished-at="2024-04-07T22:29:04 IST" duration-ms="769" status="PASS">
          <reporter-output>
          </reporter-output>
        </test-method> <!-- flushReport -->
      </class> <!-- TestPackage.UnSubscribe_portfolio -->
    </test> <!-- UnSubscribe portfolio -->
  </suite> <!-- Suite -->
</testng-results>
