<?xml version="1.0" encoding="UTF-8"?>
<testng-results ignored="0" total="2" passed="2" failed="0" skipped="0">
  <reporter-output>
  </reporter-output>
  <suite started-at="2024-02-21T08:04:50 IST" name="Suite" finished-at="2024-02-21T08:06:26 IST" duration-ms="95997">
    <groups>
      <group name="Smoke">
        <method signature="Create_portfolio_functionality.CreatePortfolioTest()[pri:0, instance:TestPackage.Create_portfolio_functionality@355e34c7]" name="CreatePortfolioTest" class="TestPackage.Create_portfolio_functionality"/>
      </group> <!-- Smoke -->
    </groups>
    <test started-at="2024-02-21T08:04:50 IST" name="Create Strategy" finished-at="2024-02-21T08:05:40 IST" duration-ms="49999">
      <class name="TestPackage.Create_portfolio_functionality">
        <test-method is-config="true" signature="launchApplication()[pri:0, instance:TestPackage.Create_portfolio_functionality@355e34c7]" started-at="2024-02-21T08:04:50 IST" name="launchApplication" finished-at="2024-02-21T08:05:03 IST" duration-ms="13191" status="PASS">
          <reporter-output>
          </reporter-output>
        </test-method> <!-- launchApplication -->
        <test-method signature="CreatePortfolioTest()[pri:0, instance:TestPackage.Create_portfolio_functionality@355e34c7]" started-at="2024-02-21T08:05:03 IST" name="CreatePortfolioTest" finished-at="2024-02-21T08:05:40 IST" duration-ms="36535" status="PASS">
          <reporter-output>
          </reporter-output>
        </test-method> <!-- CreatePortfolioTest -->
        <test-method is-config="true" signature="closeDriver()[pri:0, instance:TestPackage.Create_portfolio_functionality@355e34c7]" started-at="2024-02-21T08:05:40 IST" name="closeDriver" finished-at="2024-02-21T08:05:40 IST" duration-ms="163" status="PASS">
          <reporter-output>
          </reporter-output>
        </test-method> <!-- closeDriver -->
      </class> <!-- TestPackage.Create_portfolio_functionality -->
    </test> <!-- Create Strategy -->
    <test started-at="2024-02-21T08:05:40 IST" name="Bookmark Strategy" finished-at="2024-02-21T08:06:26 IST" duration-ms="45958">
      <class name="TestPackage.BookMark_Functionality">
        <test-method is-config="true" signature="InitiateReport()[pri:0, instance:TestPackage.BookMark_Functionality@67ef029]" started-at="2024-02-21T08:04:50 IST" name="InitiateReport" finished-at="2024-02-21T08:04:50 IST" duration-ms="335" status="PASS">
          <reporter-output>
          </reporter-output>
        </test-method> <!-- InitiateReport -->
        <test-method is-config="true" signature="launchApplication()[pri:0, instance:TestPackage.BookMark_Functionality@67ef029]" started-at="2024-02-21T08:05:40 IST" name="launchApplication" finished-at="2024-02-21T08:05:47 IST" duration-ms="6982" status="PASS">
          <reporter-output>
          </reporter-output>
        </test-method> <!-- launchApplication -->
        <test-method signature="BookMark_testing(java.util.HashMap)[pri:0, instance:TestPackage.BookMark_Functionality@67ef029]" started-at="2024-02-21T08:05:47 IST" name="BookMark_testing" data-provider="StrategyDetailsData" finished-at="2024-02-21T08:06:26 IST" duration-ms="38545" status="PASS">
          <params>
            <param index="0">
              <value>
                <![CDATA[{strikeSelection=Price, expiryType=Monthly, price1=100, strategyType=Bear Call Spread, price2=200}]]>
              </value>
            </param>
          </params>
          <reporter-output>
          </reporter-output>
        </test-method> <!-- BookMark_testing -->
        <test-method is-config="true" signature="closeDriver()[pri:0, instance:TestPackage.BookMark_Functionality@67ef029]" started-at="2024-02-21T08:06:26 IST" name="closeDriver" finished-at="2024-02-21T08:06:26 IST" duration-ms="124" status="PASS">
          <reporter-output>
          </reporter-output>
        </test-method> <!-- closeDriver -->
        <test-method is-config="true" signature="flushReport()[pri:0, instance:TestPackage.BookMark_Functionality@67ef029]" started-at="2024-02-21T08:06:26 IST" name="flushReport" finished-at="2024-02-21T08:06:27 IST" duration-ms="727" status="PASS">
          <reporter-output>
          </reporter-output>
        </test-method> <!-- flushReport -->
      </class> <!-- TestPackage.BookMark_Functionality -->
    </test> <!-- Bookmark Strategy -->
  </suite> <!-- Suite -->
</testng-results>
